<?xml version="1.0" encoding="utf-8"?><testsuites name="pytest tests"><testsuite name="pytest" errors="0" failures="0" skipped="0" tests="11" time="4.396" timestamp="2026-04-28T12:17:23.243482+00:00" hostname="agent-env-0d6397f1-f7ba-4b40-be50-f40aa81751ab"><testcase classname="backend.tests.test_cover_fee_csv.TestDonationsMine" name="test_mine_admin_returns_list" time="0.594" /><testcase classname="backend.tests.test_cover_fee_csv.TestDonationsMine" name="test_mine_seeded_row_with_fee" time="0.222" /><testcase classname="backend.tests.test_cover_fee_csv.TestDonationsMine" name="test_mine_isolated_per_user" time="0.572" /><testcase classname="backend.tests.test_cover_fee_csv.TestDonationsMine" name="test_mine_unauthenticated_blocked" time="0.134" /><testcase classname="backend.tests.test_cover_fee_csv.TestCsvExports" name="test_export_roster_super" time="0.174" /><testcase classname="backend.tests.test_cover_fee_csv.TestCsvExports" name="test_export_roster_hides_master_from_regular" time="0.110" /><testcase classname="backend.tests.test_cover_fee_csv.TestCsvExports" name="test_export_donations_super" time="0.116" /><testcase classname="backend.tests.test_cover_fee_csv.TestCsvExports" name="test_export_activity_super" time="0.119" /><testcase classname="backend.tests.test_cover_fee_csv.TestCsvExports" name="test_export_activity_hides_master_from_regular" time="0.800" /><testcase classname="backend.tests.test_cover_fee_csv.TestCsvExports" name="test_export_csv_403_for_non_admin" time="1.131" /><testcase classname="backend.tests.test_cover_fee_csv.TestCsvExports" name="test_export_csv_unauthenticated" time="0.338" /></testsuite></testsuites>