<?xml version="1.0" encoding="utf-8"?><testsuites name="pytest tests"><testsuite name="pytest" errors="0" failures="0" skipped="0" tests="24" time="11.530" timestamp="2026-04-07T09:36:06.187718+00:00" hostname="agent-env-6c07b472-d14d-4f7f-8788-7717fec44ba0"><testcase classname="backend.tests.test_community_messaging.TestDirectoryEndpoint" name="test_directory_requires_auth" time="0.444" /><testcase classname="backend.tests.test_community_messaging.TestDirectoryEndpoint" name="test_directory_returns_members" time="0.464" /><testcase classname="backend.tests.test_community_messaging.TestDirectoryEndpoint" name="test_directory_excludes_admin" time="0.422" /><testcase classname="backend.tests.test_community_messaging.TestDirectoryEndpoint" name="test_directory_excludes_sensitive_fields" time="0.452" /><testcase classname="backend.tests.test_community_messaging.TestNumberStripping" name="test_strip_digits" time="0.000" /><testcase classname="backend.tests.test_community_messaging.TestNumberStripping" name="test_strip_number_words" time="0.000" /><testcase classname="backend.tests.test_community_messaging.TestMessagingEndpoints" name="test_send_message_requires_auth" time="0.411" /><testcase classname="backend.tests.test_community_messaging.TestMessagingEndpoints" name="test_send_message_to_nonexistent_user" time="0.413" /><testcase classname="backend.tests.test_community_messaging.TestMessagingEndpoints" name="test_cannot_send_message_to_self" time="0.449" /><testcase classname="backend.tests.test_community_messaging.TestMessagingEndpoints" name="test_conversations_requires_auth" time="0.495" /><testcase classname="backend.tests.test_community_messaging.TestMessagingEndpoints" name="test_conversations_returns_list" time="0.416" /><testcase classname="backend.tests.test_community_messaging.TestMessagingEndpoints" name="test_thread_requires_auth" time="0.364" /><testcase classname="backend.tests.test_community_messaging.TestMessagingEndpoints" name="test_thread_returns_list" time="0.420" /><testcase classname="backend.tests.test_community_messaging.TestAdminMessagesEndpoints" name="test_admin_messages_requires_admin" time="0.358" /><testcase classname="backend.tests.test_community_messaging.TestAdminMessagesEndpoints" name="test_admin_messages_returns_threads" time="0.431" /><testcase classname="backend.tests.test_community_messaging.TestAdminMessagesEndpoints" name="test_admin_thread_requires_admin" time="0.357" /><testcase classname="backend.tests.test_community_messaging.TestAdminMessagesEndpoints" name="test_admin_thread_returns_unredacted" time="0.410" /><testcase classname="backend.tests.test_community_messaging.TestDashboardTabs" name="test_admin_stats_endpoint" time="0.437" /><testcase classname="backend.tests.test_community_messaging.TestDashboardTabs" name="test_admin_donations_endpoint" time="0.425" /><testcase classname="backend.tests.test_community_messaging.TestDashboardTabs" name="test_admin_volunteers_endpoint" time="0.420" /><testcase classname="backend.tests.test_community_messaging.TestDashboardTabs" name="test_admin_queries_endpoint" time="0.419" /><testcase classname="backend.tests.test_community_messaging.TestDashboardTabs" name="test_admin_users_endpoint" time="0.405" /><testcase classname="backend.tests.test_community_messaging.TestMessagingWithTestUsers" name="test_full_messaging_flow" time="1.573" /><testcase classname="backend.tests.test_community_messaging.TestNumberStrippingEdgeCases" name="test_done_not_stripped" time="1.452" /></testsuite></testsuites>