<?xml version="1.0" encoding="utf-8"?><testsuites name="pytest tests"><testsuite name="pytest" errors="0" failures="1" skipped="0" tests="18" time="8.588" timestamp="2026-04-27T12:16:05.980617+00:00" hostname="agent-env-907548dd-cfec-47db-b076-22b5035d1d3b"><testcase classname="backend.tests.test_phase2_features.TestExistingRegression" name="test_login_admin" time="0.471" /><testcase classname="backend.tests.test_phase2_features.TestExistingRegression" name="test_admin_stats" time="0.121" /><testcase classname="backend.tests.test_phase2_features.TestExistingRegression" name="test_admin_users_roster" time="0.112" /><testcase classname="backend.tests.test_phase2_features.TestExistingRegression" name="test_drives_public" time="0.165" /><testcase classname="backend.tests.test_phase2_features.TestExistingRegression" name="test_role_requests_admin" time="0.159" /><testcase classname="backend.tests.test_phase2_features.TestExistingRegression" name="test_activity_logs" time="0.125" /><testcase classname="backend.tests.test_phase2_features.TestEmailBlasts" name="test_email_blast_requires_admin" time="0.106" /><testcase classname="backend.tests.test_phase2_features.TestEmailBlasts" name="test_email_blast_send_to_admin_only" time="0.507" /><testcase classname="backend.tests.test_phase2_features.TestEmailBlasts" name="test_list_email_blasts" time="0.111" /><testcase classname="backend.tests.test_phase2_features.TestNotifications" name="test_get_notifications_requires_auth" time="0.103" /><testcase classname="backend.tests.test_phase2_features.TestNotifications" name="test_get_my_notifications" time="0.140" /><testcase classname="backend.tests.test_phase2_features.TestNotifications" name="test_unread_count" time="0.143" /><testcase classname="backend.tests.test_phase2_features.TestEventReports" name="test_pending_reports" time="0.168" /><testcase classname="backend.tests.test_phase2_features.TestEventReports" name="test_list_event_reports" time="0.109" /><testcase classname="backend.tests.test_phase2_features.TestEventReports" name="test_create_drive_then_submit_report_with_ai" time="5.561" /><testcase classname="backend.tests.test_phase2_features.TestPromotion" name="test_list_promotion_requests" time="0.167" /><testcase classname="backend.tests.test_phase2_features.TestPromotion" name="test_promote_nonexistent_user" time="0.108" /><testcase classname="backend.tests.test_phase2_features.TestRegistrationSpecialization" name="test_register_with_specializations_field" time="0.105"><failure message="AssertionError: Schema rejected specializations field: {&quot;detail&quot;:[{&quot;type&quot;:&quot;missing&quot;,&quot;loc&quot;:[&quot;body&quot;,&quot;otp_token&quot;],&quot;msg&quot;:&quot;Field required&quot;,&quot;input&quot;:{&quot;name&quot;:&quot;TEST Volunteer&quot;,&quot;email&quot;:&quot;TEST_phase2_05d33007@example.com&quot;,&quot;password&quot;:&quot;TestPass123!&quot;,&quot;phone&quot;:&quot;9999999999&quot;,&quot;dob&quot;:&quot;1995-05-15&quot;,&quot;age&quot;:30,&quot;address&quot;:&quot;Test Address&quot;,&quot;pan_number&quot;:&quot;ABCDE1234F&quot;,&quot;aadhaar_number&quot;:&quot;123456789012&quot;,&quot;role&quot;:&quot;volunteer&quot;,&quot;specializations&quot;:[&quot;Education&quot;,&quot;Healthcare&quot;],&quot;otp&quot;:&quot;000000&quot;},&quot;url&quot;:&quot;https://errors.pydantic.dev/2.12/v/missing&quot;}]}&#10;assert 422 != 422&#10; +  where 422 = &lt;Response [422]&gt;.status_code">backend/tests/test_phase2_features.py:199: in test_register_with_specializations_field
    assert r.status_code != 422, f"Schema rejected specializations field: {r.text}"
E   AssertionError: Schema rejected specializations field: {"detail":[{"type":"missing","loc":["body","otp_token"],"msg":"Field required","input":{"name":"TEST Volunteer","email":"TEST_phase2_05d33007@example.com","password":"TestPass123!","phone":"9999999999","dob":"1995-05-15","age":30,"address":"Test Address","pan_number":"ABCDE1234F","aadhaar_number":"123456789012","role":"volunteer","specializations":["Education","Healthcare"],"otp":"000000"},"url":"https://errors.pydantic.dev/2.12/v/missing"}]}
E   assert 422 != 422
E    +  where 422 = &lt;Response [422]&gt;.status_code</failure></testcase></testsuite></testsuites>