<?xml version="1.0" encoding="utf-8"?><testsuites name="pytest tests"><testsuite name="pytest" errors="0" failures="0" skipped="0" tests="12" time="2.453" timestamp="2026-04-27T12:50:42.626935+00:00" hostname="agent-env-907548dd-cfec-47db-b076-22b5035d1d3b"><testcase classname="backend.tests.test_heroic_patron.TestHeroicPatronsPublicList" name="test_returns_list" time="0.140" /><testcase classname="backend.tests.test_heroic_patron.TestHeroicPatronsPublicList" name="test_sorted_desc_by_charge_count" time="0.108" /><testcase classname="backend.tests.test_heroic_patron.TestSimulateChargeAuth" name="test_requires_admin" time="0.773" /><testcase classname="backend.tests.test_heroic_patron.TestSimulateChargeAuth" name="test_404_for_unknown_sub" time="0.403" /><testcase classname="backend.tests.test_heroic_patron.TestPromotionThreshold" name="test_six_charges_promote_user" time="0.338" /><testcase classname="backend.tests.test_heroic_patron.TestPromotionThreshold" name="test_summary_reflects_qualification" time="0.049" /><testcase classname="backend.tests.test_heroic_patron.TestPromotionThreshold" name="test_user_appears_in_public_patrons_list" time="0.108" /><testcase classname="backend.tests.test_heroic_patron.TestPatronSummaryAuth" name="test_summary_requires_admin" time="0.108" /><testcase classname="backend.tests.test_heroic_patron.TestPatronSummaryAuth" name="test_summary_unknown_user" time="0.055" /><testcase classname="backend.tests.test_heroic_patron.TestRecomputeEndpoint" name="test_requires_admin" time="0.101" /><testcase classname="backend.tests.test_heroic_patron.TestRecomputeEndpoint" name="test_recompute_returns_threshold" time="0.078" /><testcase classname="backend.tests.test_heroic_patron.TestWebhookSubscriptionCharged" name="test_bad_signature_does_not_crash" time="0.106" /></testsuite></testsuites>