<?xml version="1.0" encoding="utf-8"?><testsuites name="pytest tests"><testsuite name="pytest" errors="0" failures="0" skipped="0" tests="23" time="4.182" timestamp="2026-04-27T12:32:45.582999+00:00" hostname="agent-env-907548dd-cfec-47db-b076-22b5035d1d3b"><testcase classname="backend.tests.test_phase3_features.TestSubscriptions" name="test_create_subscription_monthly_stub" time="0.615" /><testcase classname="backend.tests.test_phase3_features.TestSubscriptions" name="test_create_subscription_invalid_plan" time="0.116" /><testcase classname="backend.tests.test_phase3_features.TestSubscriptions" name="test_create_subscription_min_amount" time="0.133" /><testcase classname="backend.tests.test_phase3_features.TestSubscriptions" name="test_subscriptions_mine" time="0.106" /><testcase classname="backend.tests.test_phase3_features.TestSubscriptions" name="test_admin_subscriptions_list" time="0.120" /><testcase classname="backend.tests.test_phase3_features.TestSubscriptions" name="test_admin_subscriptions_requires_admin" time="0.149" /><testcase classname="backend.tests.test_phase3_features.TestSubscriptions" name="test_cancel_subscription" time="0.216" /><testcase classname="backend.tests.test_phase3_features.TestSubscriptions" name="test_cancel_subscription_not_found" time="0.111" /><testcase classname="backend.tests.test_phase3_features.TestSubscriptions" name="test_webhook_invalid_signature" time="0.166" /><testcase classname="backend.tests.test_phase3_features.TestPANVerification" name="test_verify_pan_adhoc_placeholder" time="0.108" /><testcase classname="backend.tests.test_phase3_features.TestPANVerification" name="test_verify_pan_adhoc_invalid_format" time="0.106" /><testcase classname="backend.tests.test_phase3_features.TestPANVerification" name="test_verify_pan_adhoc_requires_admin" time="0.114" /><testcase classname="backend.tests.test_phase3_features.TestPANVerification" name="test_verify_pan_user" time="0.209" /><testcase classname="backend.tests.test_phase3_features.TestPANVerification" name="test_verify_pan_user_not_found" time="0.113" /><testcase classname="backend.tests.test_phase3_features.TestAdminDeleteUser" name="test_delete_user_requires_reason" time="0.109" /><testcase classname="backend.tests.test_phase3_features.TestAdminDeleteUser" name="test_delete_user_short_reason" time="0.099" /><testcase classname="backend.tests.test_phase3_features.TestAdminDeleteUser" name="test_delete_user_not_found" time="0.139" /><testcase classname="backend.tests.test_phase3_features.TestAdminDeleteUser" name="test_delete_self_blocked" time="0.103" /><testcase classname="backend.tests.test_phase3_features.TestAdminSuspendUser" name="test_suspend_requires_reason" time="0.209" /><testcase classname="backend.tests.test_phase3_features.TestAdminSuspendUser" name="test_suspend_short_reason" time="0.268" /><testcase classname="backend.tests.test_phase3_features.TestAdminSuspendUser" name="test_suspend_with_valid_reason_then_unsuspend" time="0.460" /><testcase classname="backend.tests.test_phase3_features.TestStarHeroAggregate" name="test_pending_events_endpoint" time="0.146" /><testcase classname="backend.tests.test_phase3_features.TestStarHeroAggregate" name="test_admin_stats_includes_verification" time="0.107" /></testsuite></testsuites>