<?xml version="1.0" encoding="utf-8"?><testsuites name="pytest tests"><testsuite name="pytest" errors="0" failures="0" skipped="0" tests="21" time="4.249" timestamp="2026-04-28T03:55:09.471930+00:00" hostname="agent-env-907548dd-cfec-47db-b076-22b5035d1d3b"><testcase classname="backend.tests.test_master_admin.TestAuthSuperAdminFlag" name="test_login_super_admin_flag_true" time="0.353" /><testcase classname="backend.tests.test_master_admin.TestAuthSuperAdminFlag" name="test_login_regular_admin_flag_false" time="0.357" /><testcase classname="backend.tests.test_master_admin.TestAuthSuperAdminFlag" name="test_me_super_admin_flag_true" time="0.437" /><testcase classname="backend.tests.test_master_admin.TestAuthSuperAdminFlag" name="test_me_regular_admin_flag_false" time="0.435" /><testcase classname="backend.tests.test_master_admin.TestAdminUsersVisibility" name="test_super_admin_sees_self" time="0.110" /><testcase classname="backend.tests.test_master_admin.TestAdminUsersVisibility" name="test_regular_admin_cannot_see_super" time="0.103" /><testcase classname="backend.tests.test_master_admin.TestPerUserEndpointsHidden" name="test_update_hidden" time="0.106" /><testcase classname="backend.tests.test_master_admin.TestPerUserEndpointsHidden" name="test_delete_hidden" time="0.117" /><testcase classname="backend.tests.test_master_admin.TestPerUserEndpointsHidden" name="test_verify_pan_hidden" time="0.104" /><testcase classname="backend.tests.test_master_admin.TestPerUserEndpointsHidden" name="test_badge_hidden" time="0.104" /><testcase classname="backend.tests.test_master_admin.TestPerUserEndpointsHidden" name="test_super_admin_can_target_self" time="0.107" /><testcase classname="backend.tests.test_master_admin.TestActivityLogsFilter" name="test_regular_admin_cannot_see_super_logs" time="0.109" /><testcase classname="backend.tests.test_master_admin.TestActivityLogsFilter" name="test_super_admin_sees_all" time="0.221" /><testcase classname="backend.tests.test_master_admin.TestAdminStatsFilter" name="test_stats_counts_differ" time="0.235" /><testcase classname="backend.tests.test_master_admin.TestPromoteRequestMasterOverride" name="test_super_admin_required_approvals_is_one" time="0.110" /><testcase classname="backend.tests.test_master_admin.TestPromoteRequestMasterOverride" name="test_regular_admin_required_approvals_gte_one" time="0.108" /><testcase classname="backend.tests.test_master_admin.TestAnnual80GSelfApproval" name="test_regular_admin_cannot_self_reject" time="0.332" /><testcase classname="backend.tests.test_master_admin.TestAnnual80GSelfApproval" name="test_super_admin_can_self_reject" time="0.353" /><testcase classname="backend.tests.test_master_admin.TestRegression" name="test_heroic_patrons_public" time="0.150" /><testcase classname="backend.tests.test_master_admin.TestRegression" name="test_admin_subscriptions_live" time="0.121" /><testcase classname="backend.tests.test_master_admin.TestRegression" name="test_webhook_health" time="0.107" /></testsuite></testsuites>