<?xml version="1.0" encoding="utf-8"?><testsuites name="pytest tests"><testsuite name="pytest" errors="0" failures="0" skipped="0" tests="27" time="67.964" timestamp="2026-04-07T10:43:55.615057+00:00" hostname="agent-env-6c07b472-d14d-4f7f-8788-7717fec44ba0"><testcase classname="backend.tests.test_phase6_features.TestProfile" name="test_get_profile_returns_user_data" time="1.118" /><testcase classname="backend.tests.test_phase6_features.TestProfile" name="test_update_profile_name_phone_address" time="1.151" /><testcase classname="backend.tests.test_phase6_features.TestProfile" name="test_profile_requires_auth" time="1.070" /><testcase classname="backend.tests.test_phase6_features.TestPasswordReset" name="test_forgot_password_sends_reset_link" time="1.088" /><testcase classname="backend.tests.test_phase6_features.TestPasswordReset" name="test_forgot_password_nonexistent_email" time="1.079" /><testcase classname="backend.tests.test_phase6_features.TestPasswordReset" name="test_reset_password_with_valid_token" time="1.775" /><testcase classname="backend.tests.test_phase6_features.TestPasswordReset" name="test_reset_password_invalid_token" time="1.038" /><testcase classname="backend.tests.test_phase6_features.TestPasswordReset" name="test_reset_password_short_password" time="1.126" /><testcase classname="backend.tests.test_phase6_features.TestTickets" name="test_create_ticket" time="1.058" /><testcase classname="backend.tests.test_phase6_features.TestTickets" name="test_get_user_tickets" time="1.280" /><testcase classname="backend.tests.test_phase6_features.TestTickets" name="test_admin_get_all_tickets" time="1.041" /><testcase classname="backend.tests.test_phase6_features.TestTickets" name="test_admin_update_ticket_status" time="1.212" /><testcase classname="backend.tests.test_phase6_features.TestTickets" name="test_admin_respond_to_ticket" time="1.235" /><testcase classname="backend.tests.test_phase6_features.TestTickets" name="test_tickets_require_auth" time="1.141" /><testcase classname="backend.tests.test_phase6_features.TestAdminUserManagement" name="test_admin_update_user_role_promote" time="1.223" /><testcase classname="backend.tests.test_phase6_features.TestAdminUserManagement" name="test_admin_update_volunteer_hours" time="1.161" /><testcase classname="backend.tests.test_phase6_features.TestAdminUserManagement" name="test_admin_update_merchandise_issued" time="1.135" /><testcase classname="backend.tests.test_phase6_features.TestAdminUserManagement" name="test_admin_update_comments" time="1.185" /><testcase classname="backend.tests.test_phase6_features.TestAdminUserManagement" name="test_admin_suspend_user" time="1.100" /><testcase classname="backend.tests.test_phase6_features.TestAdminUserManagement" name="test_suspended_user_cannot_login" time="1.441" /><testcase classname="backend.tests.test_phase6_features.TestAdminUserManagement" name="test_admin_unsuspend_user" time="1.662" /><testcase classname="backend.tests.test_phase6_features.TestBadgeManagement" name="test_auto_badge_helping_hero" time="37.136" /><testcase classname="backend.tests.test_phase6_features.TestBadgeManagement" name="test_admin_add_badge" time="1.173" /><testcase classname="backend.tests.test_phase6_features.TestBadgeManagement" name="test_admin_remove_badge" time="1.271" /><testcase classname="backend.tests.test_phase6_features.TestBadgeManagement" name="test_century_hero_badge_auto_assign" time="1.479" /><testcase classname="backend.tests.test_phase6_features.TestAdminStats" name="test_admin_stats_includes_tickets" time="0.423" /><testcase classname="backend.tests.test_phase6_features.TestDirectory" name="test_directory_returns_badges_and_hours" time="1.045" /></testsuite></testsuites>