<?xml version="1.0" encoding="utf-8"?><testsuites name="pytest tests"><testsuite name="pytest" errors="0" failures="0" skipped="0" tests="10" time="9.056" timestamp="2026-04-27T13:52:21.942152+00:00" hostname="agent-env-907548dd-cfec-47db-b076-22b5035d1d3b"><testcase classname="backend.tests.test_live_subscriptions.TestSubscriptionAuth" name="test_create_requires_auth" time="0.270" /><testcase classname="backend.tests.test_live_subscriptions.TestPlanValidation" name="test_invalid_plan_returns_400" time="0.595" /><testcase classname="backend.tests.test_live_subscriptions.TestLiveSubscriptionCreate" name="test_create_live_sub[monthly-100]" time="1.611" /><testcase classname="backend.tests.test_live_subscriptions.TestLiveSubscriptionCreate" name="test_create_live_sub[quarterly-275]" time="1.823" /><testcase classname="backend.tests.test_live_subscriptions.TestLiveSubscriptionCreate" name="test_create_live_sub[half_yearly-525]" time="1.584" /><testcase classname="backend.tests.test_live_subscriptions.TestLiveSubscriptionCreate" name="test_create_live_sub[annual-1000]" time="1.614" /><testcase classname="backend.tests.test_live_subscriptions.TestAdminListsSubscriptions" name="test_admin_can_list" time="0.448" /><testcase classname="backend.tests.test_live_subscriptions.TestAdminListsSubscriptions" name="test_non_admin_blocked" time="0.064" /><testcase classname="backend.tests.test_live_subscriptions.TestHeroicPatronsRegression" name="test_public_endpoint" time="0.120" /><testcase classname="backend.tests.test_live_subscriptions.TestOneTimeDonationLive" name="test_create_order_live" time="0.848" /></testsuite></testsuites>