<?xml version="1.0" encoding="utf-8"?><testsuites name="pytest tests"><testsuite name="pytest" errors="0" failures="0" skipped="0" tests="13" time="2.381" timestamp="2026-04-07T13:55:38.405078+00:00" hostname="agent-env-6c07b472-d14d-4f7f-8788-7717fec44ba0"><testcase classname="backend.tests.test_wall_of_fame.TestWallOfFamePublicEndpoint" name="test_wall_of_fame_no_auth_required" time="0.181" /><testcase classname="backend.tests.test_wall_of_fame.TestWallOfFamePublicEndpoint" name="test_wall_of_fame_returns_expected_fields" time="0.172" /><testcase classname="backend.tests.test_wall_of_fame.TestWallOfFamePublicEndpoint" name="test_wall_of_fame_contains_admin" time="0.128" /><testcase classname="backend.tests.test_wall_of_fame.TestWallOfFameAdminEndpoints" name="test_add_admin_to_wall_of_fame_duplicate_check" time="0.445" /><testcase classname="backend.tests.test_wall_of_fame.TestWallOfFameAdminEndpoints" name="test_update_admin_wall_entry_contribution_summary" time="0.224" /><testcase classname="backend.tests.test_wall_of_fame.TestWallOfFameAdminEndpoints" name="test_remove_nonexistent_user_fails" time="0.111" /><testcase classname="backend.tests.test_wall_of_fame.TestWallOfFameAdminEndpoints" name="test_add_nonexistent_user_fails" time="0.104" /><testcase classname="backend.tests.test_wall_of_fame.TestWallOfFameAdminEndpoints" name="test_update_nonexistent_wall_entry_fails" time="0.107" /><testcase classname="backend.tests.test_wall_of_fame.TestWallOfFameAdminEndpoints" name="test_update_with_empty_body_fails" time="0.118" /><testcase classname="backend.tests.test_wall_of_fame.TestWallOfFameNonAdminAccess" name="test_unauthenticated_cannot_add_to_wall" time="0.107" /><testcase classname="backend.tests.test_wall_of_fame.TestWallOfFameNonAdminAccess" name="test_unauthenticated_cannot_remove_from_wall" time="0.126" /><testcase classname="backend.tests.test_wall_of_fame.TestWallOfFameNonAdminAccess" name="test_unauthenticated_cannot_update_wall_entry" time="0.145" /><testcase classname="backend.tests.test_wall_of_fame.TestResendEmailConfiguration" name="test_otp_email_is_sent" time="0.337" /></testsuite></testsuites>