<?xml version="1.0" encoding="utf-8"?><testsuites name="pytest tests"><testsuite name="pytest" errors="0" failures="0" skipped="0" tests="21" time="7.366" timestamp="2026-04-10T07:02:46.095512+00:00" hostname="agent-env-410e7a0d-c4d0-44e6-8b3b-997721425a65"><testcase classname="backend.tests.test_new_features.TestAdminLogin" name="test_admin_login_success" time="0.554" /><testcase classname="backend.tests.test_new_features.TestAdminStats" name="test_admin_stats_has_new_fields" time="0.495" /><testcase classname="backend.tests.test_new_features.TestDrives" name="test_get_drives_public" time="0.106" /><testcase classname="backend.tests.test_new_features.TestDrives" name="test_create_drive_requires_auth" time="0.109" /><testcase classname="backend.tests.test_new_features.TestDrives" name="test_create_drive_success" time="0.519" /><testcase classname="backend.tests.test_new_features.TestDrives" name="test_create_and_delete_drive" time="0.748" /><testcase classname="backend.tests.test_new_features.TestDrives" name="test_delete_nonexistent_drive" time="0.421" /><testcase classname="backend.tests.test_new_features.TestRoleRequests" name="test_get_admin_role_requests" time="0.416" /><testcase classname="backend.tests.test_new_features.TestRoleRequests" name="test_role_requests_requires_auth" time="0.096" /><testcase classname="backend.tests.test_new_features.TestRoleRequests" name="test_admin_role_requests_requires_admin" time="0.095" /><testcase classname="backend.tests.test_new_features.TestRoleRequests" name="test_approve_nonexistent_request" time="0.430" /><testcase classname="backend.tests.test_new_features.TestRoleRequests" name="test_reject_nonexistent_request" time="0.437" /><testcase classname="backend.tests.test_new_features.TestActivityLogs" name="test_get_activity_logs" time="0.435" /><testcase classname="backend.tests.test_new_features.TestActivityLogs" name="test_activity_logs_requires_admin" time="0.100" /><testcase classname="backend.tests.test_new_features.TestActivityLogs" name="test_activity_logs_with_limit" time="0.456" /><testcase classname="backend.tests.test_new_features.TestRoster" name="test_get_users_list" time="0.444" /><testcase classname="backend.tests.test_new_features.TestRoster" name="test_users_requires_admin" time="0.109" /><testcase classname="backend.tests.test_new_features.TestRegistrationRoleSelection" name="test_registration_endpoint_exists" time="0.101" /><testcase classname="backend.tests.test_new_features.TestRegistrationRoleSelection" name="test_send_otp_endpoint" time="0.335" /><testcase classname="backend.tests.test_new_features.TestAdminUserManagement" name="test_delete_nonexistent_user" time="0.432" /><testcase classname="backend.tests.test_new_features.TestAdminUserManagement" name="test_admin_cannot_delete_self" time="0.436" /></testsuite></testsuites>